#
# There is insufficient memory for the Java Runtime Environment to continue.
# Native memory allocation (malloc) failed to allocate 2207232 bytes for Chunk::new
# Possible reasons:
#   The system is out of physical RAM or swap space
#   The process is running with CompressedOops enabled, and the Java Heap may be blocking the growth of the native heap
# Possible solutions:
#   Reduce memory load on the system
#   Increase physical memory or swap space
#   Check if swap backing store is full
#   Decrease Java heap size (-Xmx/-Xms)
#   Decrease number of Java threads
#   Decrease Java thread stack sizes (-Xss)
#   Set larger code cache with -XX:ReservedCodeCacheSize=
#   JVM is running with Unscaled Compressed Oops mode in which the Java heap is
#     placed in the first 4GB address space. The Java Heap base address is the
#     maximum limit for the native heap growth. Please use -XX:HeapBaseMinAddress
#     to set the Java Heap base and to place the Java Heap above 4GB virtual address.
# This output file may be truncated or incomplete.
#
#  Out of Memory Error (arena.cpp:189), pid=12716, tid=17496
#
# JRE version: Java(TM) SE Runtime Environment (17.0.2+8) (build 17.0.2+8-LTS-86)
# Java VM: Java HotSpot(TM) 64-Bit Server VM (17.0.2+8-LTS-86, mixed mode, sharing, tiered, compressed oops, compressed class ptrs, g1 gc, windows-amd64)
# No core dump will be written. Minidumps are not enabled by default on client versions of Windows
#

---------------  S U M M A R Y ------------

Command Line: -XX:MaxMetaspaceSize=512m --add-opens=java.base/java.util=ALL-UNNAMED --add-opens=java.base/java.lang=ALL-UNNAMED --add-opens=java.base/java.lang.invoke=ALL-UNNAMED --add-opens=java.prefs/java.util.prefs=ALL-UNNAMED --add-opens=java.base/java.nio.charset=ALL-UNNAMED --add-opens=java.base/java.net=ALL-UNNAMED --add-opens=java.base/java.util.concurrent.atomic=ALL-UNNAMED -Xmx2048m -Dfile.encoding=windows-1252 -Duser.country=IN -Duser.language=en -Duser.variant -javaagent:C:\Users\kirut\.gradle\wrapper\dists\gradle-8.3-all\6en3ugtfdg5xnpx44z4qbwgas\gradle-8.3\lib\agents\gradle-instrumentation-agent-8.3.jar org.gradle.launcher.daemon.bootstrap.GradleDaemon 8.3

Host: 11th Gen Intel(R) Core(TM) i5-11400H @ 2.70GHz, 12 cores, 7G,  Windows 11 , 64 bit Build 22621 (10.0.22621.3958)
Time: Fri Dec 27 11:14:18 2024 India Standard Time elapsed time: 4.119174 seconds (0d 0h 0m 4s)

---------------  T H R E A D  ---------------

Current thread (0x000001896bb2f4c0):  JavaThread "C2 CompilerThread0" daemon [_thread_in_native, id=17496, stack(0x0000002e4de00000,0x0000002e4df00000)]


Current CompileTask:
C2:   4119 2222   !   4       java.lang.ClassLoader::loadClass (121 bytes)

Stack: [0x0000002e4de00000,0x0000002e4df00000]
Native frames: (J=compiled Java code, j=interpreted, Vv=VM code, C=native code)
V  [jvm.dll+0x670baa]
V  [jvm.dll+0x7cfcb4]
V  [jvm.dll+0x7d145e]
V  [jvm.dll+0x7d1ac3]
V  [jvm.dll+0x242bc5]
V  [jvm.dll+0xaa57b]
V  [jvm.dll+0xaab0c]
V  [jvm.dll+0x35fd07]
V  [jvm.dll+0x1b9b68]
V  [jvm.dll+0x215de9]
V  [jvm.dll+0x2150b1]
V  [jvm.dll+0x1a1bbd]
V  [jvm.dll+0x224908]
V  [jvm.dll+0x222a6c]
V  [jvm.dll+0x7859bb]
V  [jvm.dll+0x77ff7a]
V  [jvm.dll+0x66fa35]
C  [ucrtbase.dll+0x29333]
C  [KERNEL32.DLL+0x1257d]
C  [ntdll.dll+0x5af28]


---------------  P R O C E S S  ---------------

Threads class SMR info:
_java_thread_list=0x000001896e633650, length=25, elements={
0x000001894d55c320, 0x000001896bb115b0, 0x000001896bb12680, 0x000001896bb28ac0,
0x000001896bb29480, 0x000001896bb2bf50, 0x000001896bb2e820, 0x000001896bb2f4c0,
0x000001896bb32490, 0x000001896bb40840, 0x000001896bafb430, 0x000001896c65f380,
0x000001896d2b85f0, 0x000001896d23f670, 0x000001896db94320, 0x000001896db115a0,
0x000001896db11a70, 0x000001896ddbdd50, 0x000001896ddbf560, 0x000001896ddbc070,
0x000001896ddbfa30, 0x000001896ddbf090, 0x000001896ddbd880, 0x000001896ddbe220,
0x000001896ddbcee0
}

Java Threads: ( => current thread )
  0x000001894d55c320 JavaThread "main" [_thread_blocked, id=11060, stack(0x0000002e4d100000,0x0000002e4d200000)]
  0x000001896bb115b0 JavaThread "Reference Handler" daemon [_thread_blocked, id=16416, stack(0x0000002e4d800000,0x0000002e4d900000)]
  0x000001896bb12680 JavaThread "Finalizer" daemon [_thread_blocked, id=10140, stack(0x0000002e4d900000,0x0000002e4da00000)]
  0x000001896bb28ac0 JavaThread "Signal Dispatcher" daemon [_thread_blocked, id=11900, stack(0x0000002e4da00000,0x0000002e4db00000)]
  0x000001896bb29480 JavaThread "Attach Listener" daemon [_thread_blocked, id=20116, stack(0x0000002e4db00000,0x0000002e4dc00000)]
  0x000001896bb2bf50 JavaThread "Service Thread" daemon [_thread_blocked, id=17804, stack(0x0000002e4dc00000,0x0000002e4dd00000)]
  0x000001896bb2e820 JavaThread "Monitor Deflation Thread" daemon [_thread_blocked, id=25004, stack(0x0000002e4dd00000,0x0000002e4de00000)]
=>0x000001896bb2f4c0 JavaThread "C2 CompilerThread0" daemon [_thread_in_native, id=17496, stack(0x0000002e4de00000,0x0000002e4df00000)]
  0x000001896bb32490 JavaThread "C1 CompilerThread0" daemon [_thread_blocked, id=1356, stack(0x0000002e4df00000,0x0000002e4e000000)]
  0x000001896bb40840 JavaThread "Sweeper thread" daemon [_thread_blocked, id=26528, stack(0x0000002e4e000000,0x0000002e4e100000)]
  0x000001896bafb430 JavaThread "Common-Cleaner" daemon [_thread_blocked, id=27240, stack(0x0000002e4e100000,0x0000002e4e200000)]
  0x000001896c65f380 JavaThread "Notification Thread" daemon [_thread_blocked, id=22680, stack(0x0000002e4e200000,0x0000002e4e300000)]
  0x000001896d2b85f0 JavaThread "Daemon health stats" [_thread_blocked, id=21192, stack(0x0000002e4e800000,0x0000002e4e900000)]
  0x000001896d23f670 JavaThread "Incoming local TCP Connector on port 53214" [_thread_in_native, id=25756, stack(0x0000002e4e900000,0x0000002e4ea00000)]
  0x000001896db94320 JavaThread "Daemon periodic checks" [_thread_blocked, id=9256, stack(0x0000002e4ea00000,0x0000002e4eb00000)]
  0x000001896db115a0 JavaThread "Daemon" [_thread_blocked, id=9528, stack(0x0000002e4eb00000,0x0000002e4ec00000)]
  0x000001896db11a70 JavaThread "Handler for socket connection from /127.0.0.1:53214 to /127.0.0.1:53216" [_thread_in_native, id=20788, stack(0x0000002e4ec00000,0x0000002e4ed00000)]
  0x000001896ddbdd50 JavaThread "Cancel handler" [_thread_blocked, id=17868, stack(0x0000002e4ed00000,0x0000002e4ee00000)]
  0x000001896ddbf560 JavaThread "Daemon worker" [_thread_in_vm, id=20552, stack(0x0000002e4ee00000,0x0000002e4ef00000)]
  0x000001896ddbc070 JavaThread "Asynchronous log dispatcher for DefaultDaemonConnection: socket connection from /127.0.0.1:53214 to /127.0.0.1:53216" [_thread_blocked, id=20088, stack(0x0000002e4ef00000,0x0000002e4f000000)]
  0x000001896ddbfa30 JavaThread "Stdin handler" [_thread_blocked, id=2828, stack(0x0000002e4f000000,0x0000002e4f100000)]
  0x000001896ddbf090 JavaThread "Daemon client event forwarder" [_thread_blocked, id=26260, stack(0x0000002e4f100000,0x0000002e4f200000)]
  0x000001896ddbd880 JavaThread "Cache worker for journal cache (C:\Users\kirut\.gradle\caches\journal-1)" [_thread_blocked, id=20432, stack(0x0000002e4f200000,0x0000002e4f300000)]
  0x000001896ddbe220 JavaThread "File lock request listener" [_thread_in_native, id=26996, stack(0x0000002e4f300000,0x0000002e4f400000)]
  0x000001896ddbcee0 JavaThread "Cache worker for file hash cache (C:\Users\kirut\.gradle\caches\8.3\fileHashes)" [_thread_blocked, id=22372, stack(0x0000002e4f400000,0x0000002e4f500000)]

Other Threads:
  0x000001896bb0bbf0 VMThread "VM Thread" [stack: 0x0000002e4d700000,0x0000002e4d800000] [id=20332]
  0x000001894d5b8100 WatcherThread [stack: 0x0000002e4e300000,0x0000002e4e400000] [id=18768]
  0x000001894d59d5a0 GCTaskThread "GC Thread#0" [stack: 0x0000002e4d200000,0x0000002e4d300000] [id=6372]
  0x000001896d261c30 GCTaskThread "GC Thread#1" [stack: 0x0000002e4e400000,0x0000002e4e500000] [id=21488]
  0x000001896c9cf0b0 GCTaskThread "GC Thread#2" [stack: 0x0000002e4e500000,0x0000002e4e600000] [id=28892]
  0x000001896d1270b0 GCTaskThread "GC Thread#3" [stack: 0x0000002e4e600000,0x0000002e4e700000] [id=13932]
  0x000001896d4eb910 GCTaskThread "GC Thread#4" [stack: 0x0000002e4e700000,0x0000002e4e800000] [id=17988]
  0x000001896d0dac90 GCTaskThread "GC Thread#5" [stack: 0x0000002e4f500000,0x0000002e4f600000] [id=18968]
  0x000001896e3ea7f0 GCTaskThread "GC Thread#6" [stack: 0x0000002e4f600000,0x0000002e4f700000] [id=16928]
  0x000001896f098bc0 GCTaskThread "GC Thread#7" [stack: 0x0000002e4f700000,0x0000002e4f800000] [id=22872]
  0x000001896e636420 GCTaskThread "GC Thread#8" [stack: 0x0000002e4f800000,0x0000002e4f900000] [id=23740]
  0x000001896e636ae0 GCTaskThread "GC Thread#9" [stack: 0x0000002e4f900000,0x0000002e4fa00000] [id=13944]
  0x000001894d5af400 ConcurrentGCThread "G1 Main Marker" [stack: 0x0000002e4d300000,0x0000002e4d400000] [id=11588]
  0x000001894d5b14d0 ConcurrentGCThread "G1 Conc#0" [stack: 0x0000002e4d400000,0x0000002e4d500000] [id=10908]
  0x000001894d61e9c0 ConcurrentGCThread "G1 Refine#0" [stack: 0x0000002e4d500000,0x0000002e4d600000] [id=26348]
  0x000001896b9c24a0 ConcurrentGCThread "G1 Service" [stack: 0x0000002e4d600000,0x0000002e4d700000] [id=8984]

Threads with active compile tasks:
C2 CompilerThread0     4158 2222   !   4       java.lang.ClassLoader::loadClass (121 bytes)

VM state: not at safepoint (normal execution)

VM Mutex/Monitor currently owned by a thread: None

Heap address: 0x0000000080000000, size: 2048 MB, Compressed Oops mode: 32-bit

CDS archive(s) mapped at: [0x0000000800000000-0x0000000800bc0000-0x0000000800bc0000), size 12320768, SharedBaseAddress: 0x0000000800000000, ArchiveRelocationMode: 0.
Compressed class space mapped at: 0x0000000800c00000-0x000000081a800000, reserved size: 432013312
Narrow klass base: 0x0000000800000000, Narrow klass shift: 0, Narrow klass range: 0x100000000

GC Precious Log:
 CPUs: 12 total, 12 available
 Memory: 7971M
 Large Page Support: Disabled
 NUMA Support: Disabled
 Compressed Oops: Enabled (32-bit)
 Heap Region Size: 1M
 Heap Min Capacity: 8M
 Heap Initial Capacity: 126M
 Heap Max Capacity: 2G
 Pre-touch: Disabled
 Parallel Workers: 10
 Concurrent Workers: 3
 Concurrent Refinement Workers: 10
 Periodic GC: Disabled

Heap:
 garbage-first heap   total 129024K, used 23660K [0x0000000080000000, 0x0000000100000000)
  region size 1024K, 14 young (14336K), 10 survivors (10240K)
 Metaspace       used 16293K, committed 16576K, reserved 438272K
  class space    used 2356K, committed 2496K, reserved 421888K

Heap Regions: E=young(eden), S=young(survivor), O=old, HS=humongous(starts), HC=humongous(continues), CS=collection set, F=free, OA=open archive, CA=closed archive, TAMS=top-at-mark-start (previous, next)
|   0|0x0000000080000000, 0x0000000080100000, 0x0000000080100000|100%|HS|  |TAMS 0x0000000080000000, 0x0000000080000000| Complete 
|   1|0x0000000080100000, 0x0000000080200000, 0x0000000080200000|100%|HC|  |TAMS 0x0000000080100000, 0x0000000080100000| Complete 
|   2|0x0000000080200000, 0x0000000080300000, 0x0000000080300000|100%|HC|  |TAMS 0x0000000080200000, 0x0000000080200000| Complete 
|   3|0x0000000080300000, 0x0000000080400000, 0x0000000080400000|100%|HC|  |TAMS 0x0000000080300000, 0x0000000080300000| Complete 
|   4|0x0000000080400000, 0x0000000080500000, 0x0000000080500000|100%| O|  |TAMS 0x0000000080400000, 0x0000000080400000| Untracked 
|   5|0x0000000080500000, 0x0000000080600000, 0x0000000080600000|100%| O|  |TAMS 0x0000000080500000, 0x0000000080500000| Untracked 
|   6|0x0000000080600000, 0x0000000080700000, 0x0000000080700000|100%| O|  |TAMS 0x0000000080600000, 0x0000000080600000| Untracked 
|   7|0x0000000080700000, 0x0000000080800000, 0x0000000080800000|100%| O|  |TAMS 0x0000000080700000, 0x0000000080700000| Untracked 
|   8|0x0000000080800000, 0x0000000080800000, 0x0000000080900000|  0%| F|  |TAMS 0x0000000080800000, 0x0000000080800000| Untracked 
|   9|0x0000000080900000, 0x0000000080a00000, 0x0000000080a00000|100%| O|  |TAMS 0x0000000080900000, 0x0000000080900000| Untracked 
|  10|0x0000000080a00000, 0x0000000080b00000, 0x0000000080b00000|100%| O|  |TAMS 0x0000000080a00000, 0x0000000080a00000| Untracked 
|  11|0x0000000080b00000, 0x0000000080bd3400, 0x0000000080c00000| 82%| O|  |TAMS 0x0000000080b00000, 0x0000000080b00000| Untracked 
|  12|0x0000000080c00000, 0x0000000080c00000, 0x0000000080d00000|  0%| F|  |TAMS 0x0000000080c00000, 0x0000000080c00000| Untracked 
|  13|0x0000000080d00000, 0x0000000080d00000, 0x0000000080e00000|  0%| F|  |TAMS 0x0000000080d00000, 0x0000000080d00000| Untracked 
|  14|0x0000000080e00000, 0x0000000080e00000, 0x0000000080f00000|  0%| F|  |TAMS 0x0000000080e00000, 0x0000000080e00000| Untracked 
|  15|0x0000000080f00000, 0x0000000080f00000, 0x0000000081000000|  0%| F|  |TAMS 0x0000000080f00000, 0x0000000080f00000| Untracked 
|  16|0x0000000081000000, 0x0000000081000000, 0x0000000081100000|  0%| F|  |TAMS 0x0000000081000000, 0x0000000081000000| Untracked 
|  17|0x0000000081100000, 0x0000000081100000, 0x0000000081200000|  0%| F|  |TAMS 0x0000000081100000, 0x0000000081100000| Untracked 
|  18|0x0000000081200000, 0x0000000081200000, 0x0000000081300000|  0%| F|  |TAMS 0x0000000081200000, 0x0000000081200000| Untracked 
|  19|0x0000000081300000, 0x0000000081300000, 0x0000000081400000|  0%| F|  |TAMS 0x0000000081300000, 0x0000000081300000| Untracked 
|  20|0x0000000081400000, 0x0000000081400000, 0x0000000081500000|  0%| F|  |TAMS 0x0000000081400000, 0x0000000081400000| Untracked 
|  21|0x0000000081500000, 0x0000000081500000, 0x0000000081600000|  0%| F|  |TAMS 0x0000000081500000, 0x0000000081500000| Untracked 
|  22|0x0000000081600000, 0x0000000081600000, 0x0000000081700000|  0%| F|  |TAMS 0x0000000081600000, 0x0000000081600000| Untracked 
|  23|0x0000000081700000, 0x0000000081700000, 0x0000000081800000|  0%| F|  |TAMS 0x0000000081700000, 0x0000000081700000| Untracked 
|  24|0x0000000081800000, 0x0000000081800000, 0x0000000081900000|  0%| F|  |TAMS 0x0000000081800000, 0x0000000081800000| Untracked 
|  25|0x0000000081900000, 0x0000000081900000, 0x0000000081a00000|  0%| F|  |TAMS 0x0000000081900000, 0x0000000081900000| Untracked 
|  26|0x0000000081a00000, 0x0000000081a00000, 0x0000000081b00000|  0%| F|  |TAMS 0x0000000081a00000, 0x0000000081a00000| Untracked 
|  27|0x0000000081b00000, 0x0000000081b00000, 0x0000000081c00000|  0%| F|  |TAMS 0x0000000081b00000, 0x0000000081b00000| Untracked 
|  28|0x0000000081c00000, 0x0000000081c00000, 0x0000000081d00000|  0%| F|  |TAMS 0x0000000081c00000, 0x0000000081c00000| Untracked 
|  29|0x0000000081d00000, 0x0000000081d00000, 0x0000000081e00000|  0%| F|  |TAMS 0x0000000081d00000, 0x0000000081d00000| Untracked 
|  30|0x0000000081e00000, 0x0000000081e00000, 0x0000000081f00000|  0%| F|  |TAMS 0x0000000081e00000, 0x0000000081e00000| Untracked 
|  31|0x0000000081f00000, 0x0000000081f00000, 0x0000000082000000|  0%| F|  |TAMS 0x0000000081f00000, 0x0000000081f00000| Untracked 
|  32|0x0000000082000000, 0x0000000082000000, 0x0000000082100000|  0%| F|  |TAMS 0x0000000082000000, 0x0000000082000000| Untracked 
|  33|0x0000000082100000, 0x0000000082100000, 0x0000000082200000|  0%| F|  |TAMS 0x0000000082100000, 0x0000000082100000| Untracked 
|  34|0x0000000082200000, 0x0000000082200000, 0x0000000082300000|  0%| F|  |TAMS 0x0000000082200000, 0x0000000082200000| Untracked 
|  35|0x0000000082300000, 0x0000000082300000, 0x0000000082400000|  0%| F|  |TAMS 0x0000000082300000, 0x0000000082300000| Untracked 
|  36|0x0000000082400000, 0x0000000082400000, 0x0000000082500000|  0%| F|  |TAMS 0x0000000082400000, 0x0000000082400000| Untracked 
|  37|0x0000000082500000, 0x0000000082500000, 0x0000000082600000|  0%| F|  |TAMS 0x0000000082500000, 0x0000000082500000| Untracked 
|  38|0x0000000082600000, 0x0000000082600000, 0x0000000082700000|  0%| F|  |TAMS 0x0000000082600000, 0x0000000082600000| Untracked 
|  39|0x0000000082700000, 0x0000000082700000, 0x0000000082800000|  0%| F|  |TAMS 0x0000000082700000, 0x0000000082700000| Untracked 
|  40|0x0000000082800000, 0x0000000082800000, 0x0000000082900000|  0%| F|  |TAMS 0x0000000082800000, 0x0000000082800000| Untracked 
|  41|0x0000000082900000, 0x0000000082947dd8, 0x0000000082a00000| 28%| S|CS|TAMS 0x0000000082900000, 0x0000000082900000| Complete 
|  42|0x0000000082a00000, 0x0000000082b00000, 0x0000000082b00000|100%| S|CS|TAMS 0x0000000082a00000, 0x0000000082a00000| Complete 
|  43|0x0000000082b00000, 0x0000000082c00000, 0x0000000082c00000|100%| S|CS|TAMS 0x0000000082b00000, 0x0000000082b00000| Complete 
|  44|0x0000000082c00000, 0x0000000082d00000, 0x0000000082d00000|100%| S|CS|TAMS 0x0000000082c00000, 0x0000000082c00000| Complete 
|  45|0x0000000082d00000, 0x0000000082e00000, 0x0000000082e00000|100%| S|CS|TAMS 0x0000000082d00000, 0x0000000082d00000| Complete 
|  46|0x0000000082e00000, 0x0000000082f00000, 0x0000000082f00000|100%| S|CS|TAMS 0x0000000082e00000, 0x0000000082e00000| Complete 
|  47|0x0000000082f00000, 0x0000000083000000, 0x0000000083000000|100%| S|CS|TAMS 0x0000000082f00000, 0x0000000082f00000| Complete 
|  48|0x0000000083000000, 0x0000000083100000, 0x0000000083100000|100%| S|CS|TAMS 0x0000000083000000, 0x0000000083000000| Complete 
|  49|0x0000000083100000, 0x0000000083200000, 0x0000000083200000|100%| S|CS|TAMS 0x0000000083100000, 0x0000000083100000| Complete 
|  50|0x0000000083200000, 0x0000000083300000, 0x0000000083300000|100%| S|CS|TAMS 0x0000000083200000, 0x0000000083200000| Complete 
|  51|0x0000000083300000, 0x0000000083300000, 0x0000000083400000|  0%| F|  |TAMS 0x0000000083300000, 0x0000000083300000| Untracked 
|  52|0x0000000083400000, 0x0000000083400000, 0x0000000083500000|  0%| F|  |TAMS 0x0000000083400000, 0x0000000083400000| Untracked 
|  53|0x0000000083500000, 0x0000000083500000, 0x0000000083600000|  0%| F|  |TAMS 0x0000000083500000, 0x0000000083500000| Untracked 
|  54|0x0000000083600000, 0x0000000083600000, 0x0000000083700000|  0%| F|  |TAMS 0x0000000083600000, 0x0000000083600000| Untracked 
|  55|0x0000000083700000, 0x0000000083700000, 0x0000000083800000|  0%| F|  |TAMS 0x0000000083700000, 0x0000000083700000| Untracked 
|  56|0x0000000083800000, 0x0000000083800000, 0x0000000083900000|  0%| F|  |TAMS 0x0000000083800000, 0x0000000083800000| Untracked 
|  57|0x0000000083900000, 0x0000000083900000, 0x0000000083a00000|  0%| F|  |TAMS 0x0000000083900000, 0x0000000083900000| Untracked 
|  58|0x0000000083a00000, 0x0000000083a00000, 0x0000000083b00000|  0%| F|  |TAMS 0x0000000083a00000, 0x0000000083a00000| Untracked 
|  59|0x0000000083b00000, 0x0000000083b00000, 0x0000000083c00000|  0%| F|  |TAMS 0x0000000083b00000, 0x0000000083b00000| Untracked 
|  60|0x0000000083c00000, 0x0000000083c00000, 0x0000000083d00000|  0%| F|  |TAMS 0x0000000083c00000, 0x0000000083c00000| Untracked 
|  61|0x0000000083d00000, 0x0000000083d00000, 0x0000000083e00000|  0%| F|  |TAMS 0x0000000083d00000, 0x0000000083d00000| Untracked 
|  62|0x0000000083e00000, 0x0000000083e00000, 0x0000000083f00000|  0%| F|  |TAMS 0x0000000083e00000, 0x0000000083e00000| Untracked 
|  63|0x0000000083f00000, 0x0000000083f00000, 0x0000000084000000|  0%| F|  |TAMS 0x0000000083f00000, 0x0000000083f00000| Untracked 
|  64|0x0000000084000000, 0x0000000084000000, 0x0000000084100000|  0%| F|  |TAMS 0x0000000084000000, 0x0000000084000000| Untracked 
|  65|0x0000000084100000, 0x0000000084100000, 0x0000000084200000|  0%| F|  |TAMS 0x0000000084100000, 0x0000000084100000| Untracked 
|  66|0x0000000084200000, 0x0000000084200000, 0x0000000084300000|  0%| F|  |TAMS 0x0000000084200000, 0x0000000084200000| Untracked 
|  67|0x0000000084300000, 0x0000000084300000, 0x0000000084400000|  0%| F|  |TAMS 0x0000000084300000, 0x0000000084300000| Untracked 
|  68|0x0000000084400000, 0x0000000084400000, 0x0000000084500000|  0%| F|  |TAMS 0x0000000084400000, 0x0000000084400000| Untracked 
|  69|0x0000000084500000, 0x0000000084500000, 0x0000000084600000|  0%| F|  |TAMS 0x0000000084500000, 0x0000000084500000| Untracked 
|  70|0x0000000084600000, 0x0000000084600000, 0x0000000084700000|  0%| F|  |TAMS 0x0000000084600000, 0x0000000084600000| Untracked 
|  71|0x0000000084700000, 0x0000000084700000, 0x0000000084800000|  0%| F|  |TAMS 0x0000000084700000, 0x0000000084700000| Untracked 
|  72|0x0000000084800000, 0x0000000084800000, 0x0000000084900000|  0%| F|  |TAMS 0x0000000084800000, 0x0000000084800000| Untracked 
|  73|0x0000000084900000, 0x0000000084900000, 0x0000000084a00000|  0%| F|  |TAMS 0x0000000084900000, 0x0000000084900000| Untracked 
|  74|0x0000000084a00000, 0x0000000084a00000, 0x0000000084b00000|  0%| F|  |TAMS 0x0000000084a00000, 0x0000000084a00000| Untracked 
|  75|0x0000000084b00000, 0x0000000084b00000, 0x0000000084c00000|  0%| F|  |TAMS 0x0000000084b00000, 0x0000000084b00000| Untracked 
|  76|0x0000000084c00000, 0x0000000084c00000, 0x0000000084d00000|  0%| F|  |TAMS 0x0000000084c00000, 0x0000000084c00000| Untracked 
|  77|0x0000000084d00000, 0x0000000084d00000, 0x0000000084e00000|  0%| F|  |TAMS 0x0000000084d00000, 0x0000000084d00000| Untracked 
|  78|0x0000000084e00000, 0x0000000084e00000, 0x0000000084f00000|  0%| F|  |TAMS 0x0000000084e00000, 0x0000000084e00000| Untracked 
|  79|0x0000000084f00000, 0x0000000084f00000, 0x0000000085000000|  0%| F|  |TAMS 0x0000000084f00000, 0x0000000084f00000| Untracked 
|  80|0x0000000085000000, 0x0000000085000000, 0x0000000085100000|  0%| F|  |TAMS 0x0000000085000000, 0x0000000085000000| Untracked 
|  81|0x0000000085100000, 0x0000000085100000, 0x0000000085200000|  0%| F|  |TAMS 0x0000000085100000, 0x0000000085100000| Untracked 
|  82|0x0000000085200000, 0x0000000085200000, 0x0000000085300000|  0%| F|  |TAMS 0x0000000085200000, 0x0000000085200000| Untracked 
|  83|0x0000000085300000, 0x0000000085300000, 0x0000000085400000|  0%| F|  |TAMS 0x0000000085300000, 0x0000000085300000| Untracked 
|  84|0x0000000085400000, 0x0000000085400000, 0x0000000085500000|  0%| F|  |TAMS 0x0000000085400000, 0x0000000085400000| Untracked 
|  85|0x0000000085500000, 0x0000000085500000, 0x0000000085600000|  0%| F|  |TAMS 0x0000000085500000, 0x0000000085500000| Untracked 
|  86|0x0000000085600000, 0x0000000085600000, 0x0000000085700000|  0%| F|  |TAMS 0x0000000085600000, 0x0000000085600000| Untracked 
|  87|0x0000000085700000, 0x0000000085700000, 0x0000000085800000|  0%| F|  |TAMS 0x0000000085700000, 0x0000000085700000| Untracked 
|  88|0x0000000085800000, 0x0000000085800000, 0x0000000085900000|  0%| F|  |TAMS 0x0000000085800000, 0x0000000085800000| Untracked 
|  89|0x0000000085900000, 0x0000000085900000, 0x0000000085a00000|  0%| F|  |TAMS 0x0000000085900000, 0x0000000085900000| Untracked 
|  90|0x0000000085a00000, 0x0000000085a00000, 0x0000000085b00000|  0%| F|  |TAMS 0x0000000085a00000, 0x0000000085a00000| Untracked 
|  91|0x0000000085b00000, 0x0000000085b00000, 0x0000000085c00000|  0%| F|  |TAMS 0x0000000085b00000, 0x0000000085b00000| Untracked 
|  92|0x0000000085c00000, 0x0000000085c00000, 0x0000000085d00000|  0%| F|  |TAMS 0x0000000085c00000, 0x0000000085c00000| Untracked 
|  93|0x0000000085d00000, 0x0000000085d00000, 0x0000000085e00000|  0%| F|  |TAMS 0x0000000085d00000, 0x0000000085d00000| Untracked 
|  94|0x0000000085e00000, 0x0000000085e00000, 0x0000000085f00000|  0%| F|  |TAMS 0x0000000085e00000, 0x0000000085e00000| Untracked 
|  95|0x0000000085f00000, 0x0000000085f00000, 0x0000000086000000|  0%| F|  |TAMS 0x0000000085f00000, 0x0000000085f00000| Untracked 
|  96|0x0000000086000000, 0x0000000086000000, 0x0000000086100000|  0%| F|  |TAMS 0x0000000086000000, 0x0000000086000000| Untracked 
|  97|0x0000000086100000, 0x0000000086100000, 0x0000000086200000|  0%| F|  |TAMS 0x0000000086100000, 0x0000000086100000| Untracked 
|  98|0x0000000086200000, 0x0000000086200000, 0x0000000086300000|  0%| F|  |TAMS 0x0000000086200000, 0x0000000086200000| Untracked 
|  99|0x0000000086300000, 0x0000000086300000, 0x0000000086400000|  0%| F|  |TAMS 0x0000000086300000, 0x0000000086300000| Untracked 
| 100|0x0000000086400000, 0x0000000086400000, 0x0000000086500000|  0%| F|  |TAMS 0x0000000086400000, 0x0000000086400000| Untracked 
| 101|0x0000000086500000, 0x0000000086500000, 0x0000000086600000|  0%| F|  |TAMS 0x0000000086500000, 0x0000000086500000| Untracked 
| 102|0x0000000086600000, 0x0000000086600000, 0x0000000086700000|  0%| F|  |TAMS 0x0000000086600000, 0x0000000086600000| Untracked 
| 103|0x0000000086700000, 0x0000000086700000, 0x0000000086800000|  0%| F|  |TAMS 0x0000000086700000, 0x0000000086700000| Untracked 
| 104|0x0000000086800000, 0x0000000086800000, 0x0000000086900000|  0%| F|  |TAMS 0x0000000086800000, 0x0000000086800000| Untracked 
| 105|0x0000000086900000, 0x0000000086900000, 0x0000000086a00000|  0%| F|  |TAMS 0x0000000086900000, 0x0000000086900000| Untracked 
| 106|0x0000000086a00000, 0x0000000086a00000, 0x0000000086b00000|  0%| F|  |TAMS 0x0000000086a00000, 0x0000000086a00000| Untracked 
| 107|0x0000000086b00000, 0x0000000086b00000, 0x0000000086c00000|  0%| F|  |TAMS 0x0000000086b00000, 0x0000000086b00000| Untracked 
| 108|0x0000000086c00000, 0x0000000086c00000, 0x0000000086d00000|  0%| F|  |TAMS 0x0000000086c00000, 0x0000000086c00000| Untracked 
| 109|0x0000000086d00000, 0x0000000086d00000, 0x0000000086e00000|  0%| F|  |TAMS 0x0000000086d00000, 0x0000000086d00000| Untracked 
| 110|0x0000000086e00000, 0x0000000086e00000, 0x0000000086f00000|  0%| F|  |TAMS 0x0000000086e00000, 0x0000000086e00000| Untracked 
| 111|0x0000000086f00000, 0x0000000086f00000, 0x0000000087000000|  0%| F|  |TAMS 0x0000000086f00000, 0x0000000086f00000| Untracked 
| 112|0x0000000087000000, 0x0000000087000000, 0x0000000087100000|  0%| F|  |TAMS 0x0000000087000000, 0x0000000087000000| Untracked 
| 113|0x0000000087100000, 0x0000000087100000, 0x0000000087200000|  0%| F|  |TAMS 0x0000000087100000, 0x0000000087100000| Untracked 
| 114|0x0000000087200000, 0x0000000087200000, 0x0000000087300000|  0%| F|  |TAMS 0x0000000087200000, 0x0000000087200000| Untracked 
| 115|0x0000000087300000, 0x0000000087300000, 0x0000000087400000|  0%| F|  |TAMS 0x0000000087300000, 0x0000000087300000| Untracked 
| 116|0x0000000087400000, 0x0000000087400000, 0x0000000087500000|  0%| F|  |TAMS 0x0000000087400000, 0x0000000087400000| Untracked 
| 117|0x0000000087500000, 0x0000000087500000, 0x0000000087600000|  0%| F|  |TAMS 0x0000000087500000, 0x0000000087500000| Untracked 
| 118|0x0000000087600000, 0x0000000087600000, 0x0000000087700000|  0%| F|  |TAMS 0x0000000087600000, 0x0000000087600000| Untracked 
| 119|0x0000000087700000, 0x0000000087700000, 0x0000000087800000|  0%| F|  |TAMS 0x0000000087700000, 0x0000000087700000| Untracked 
| 120|0x0000000087800000, 0x0000000087800000, 0x0000000087900000|  0%| F|  |TAMS 0x0000000087800000, 0x0000000087800000| Untracked 
| 121|0x0000000087900000, 0x0000000087900000, 0x0000000087a00000|  0%| F|  |TAMS 0x0000000087900000, 0x0000000087900000| Untracked 
| 122|0x0000000087a00000, 0x0000000087b00000, 0x0000000087b00000|100%| E|  |TAMS 0x0000000087a00000, 0x0000000087a00000| Complete 
| 123|0x0000000087b00000, 0x0000000087c00000, 0x0000000087c00000|100%| E|CS|TAMS 0x0000000087b00000, 0x0000000087b00000| Complete 
| 124|0x0000000087c00000, 0x0000000087d00000, 0x0000000087d00000|100%| E|CS|TAMS 0x0000000087c00000, 0x0000000087c00000| Complete 
| 125|0x0000000087d00000, 0x0000000087e00000, 0x0000000087e00000|100%| E|CS|TAMS 0x0000000087d00000, 0x0000000087d00000| Complete 

Card table byte_map: [0x00000189646f0000,0x0000018964af0000] _byte_map_base: 0x00000189642f0000

Marking Bits (Prev, Next): (CMBitMap*) 0x000001894d59dac0, (CMBitMap*) 0x000001894d59db00
 Prev Bits: [0x0000018964ef0000, 0x0000018966ef0000)
 Next Bits: [0x0000018966ef0000, 0x0000018968ef0000)

Polling page: 0x000001894b4e0000

Metaspace:

Usage:
  Non-class:     13.67 MB used.
      Class:      2.31 MB used.
       Both:     15.98 MB used.

Virtual space:
  Non-class space:       16.00 MB reserved,      13.81 MB ( 86%) committed,  2 nodes.
      Class space:      412.00 MB reserved,       2.50 MB ( <1%) committed,  1 nodes.
             Both:      428.00 MB reserved,      16.31 MB (  4%) committed. 

Chunk freelists:
   Non-Class:  2.02 MB
       Class:  1.55 MB
        Both:  3.56 MB

MaxMetaspaceSize: 512.00 MB
CompressedClassSpaceSize: 412.00 MB
Initial GC threshold: 21.00 MB
Current GC threshold: 21.00 MB
CDS: on
MetaspaceReclaimPolicy: balanced
 - commit_granule_bytes: 65536.
 - commit_granule_words: 8192.
 - virtual_space_node_default_size: 1048576.
 - enlarge_chunks_in_place: 1.
 - new_chunks_are_fully_committed: 0.
 - uncommit_free_chunks: 1.
 - use_allocation_guard: 0.
 - handle_deallocations: 1.


Internal statistics:

num_allocs_failed_limit: 0.
num_arena_births: 206.
num_arena_deaths: 0.
num_vsnodes_births: 3.
num_vsnodes_deaths: 0.
num_space_committed: 261.
num_space_uncommitted: 0.
num_chunks_returned_to_freelist: 0.
num_chunks_taken_from_freelist: 732.
num_chunk_merges: 0.
num_chunk_splits: 500.
num_chunks_enlarged: 375.
num_purges: 0.
num_inconsistent_stats: 0.

CodeHeap 'non-profiled nmethods': size=120000Kb used=1036Kb max_used=1036Kb free=118963Kb
 bounds [0x000001895c870000, 0x000001895cae0000, 0x0000018963da0000]
CodeHeap 'profiled nmethods': size=120000Kb used=4752Kb max_used=4752Kb free=115248Kb
 bounds [0x0000018955340000, 0x00000189557f0000, 0x000001895c870000]
CodeHeap 'non-nmethods': size=5760Kb used=1239Kb max_used=1241Kb free=4520Kb
 bounds [0x0000018954da0000, 0x0000018955010000, 0x0000018955340000]
 total_blobs=2817 nmethods=2286 adapters=443
 compilation: enabled
              stopped_count=0, restarted_count=0
 full_count=0

Compilation events (20 events):
Event: 4.013 Thread 0x000001896bb32490 2290   !   3       org.gradle.internal.service.MethodHandleBasedServiceMethodFactory::toServiceMethod (51 bytes)
Event: 4.014 Thread 0x000001896bb32490 nmethod 2290 0x00000189557da190 code [0x00000189557da500, 0x00000189557dbbf8]
Event: 4.014 Thread 0x000001896bb32490 2291       3       java.lang.reflect.Method::getGenericParameterTypes (5 bytes)
Event: 4.016 Thread 0x000001896bb32490 nmethod 2291 0x00000189557dc310 code [0x00000189557dc5c0, 0x00000189557dd678]
Event: 4.016 Thread 0x000001896bb32490 2292       3       java.lang.reflect.Method::hasGenericInformation (13 bytes)
Event: 4.016 Thread 0x000001896bb32490 nmethod 2292 0x00000189557ddb90 code [0x00000189557ddd20, 0x00000189557dde98]
Event: 4.050 Thread 0x000001896bb32490 2293       3       java.util.LinkedList$ListItr::<init> (47 bytes)
Event: 4.050 Thread 0x000001896bb32490 nmethod 2293 0x00000189557ddf10 code [0x00000189557de0c0, 0x00000189557de3a8]
Event: 4.052 Thread 0x000001896bb32490 2295       3       org.gradle.internal.service.DefaultServiceRegistry$SingletonService::getAll (23 bytes)
Event: 4.052 Thread 0x000001896bb32490 nmethod 2295 0x00000189557de490 code [0x00000189557de660, 0x00000189557de908]
Event: 4.061 Thread 0x000001896bb32490 2297       3       java.lang.invoke.InvokerBytecodeGenerator::emitStoreInsn (21 bytes)
Event: 4.061 Thread 0x000001896bb32490 nmethod 2297 0x00000189557dea90 code [0x00000189557dec40, 0x00000189557dee98]
Event: 4.062 Thread 0x000001896bb32490 2298       3       org.gradle.internal.service.AbstractServiceMethod::<init> (42 bytes)
Event: 4.064 Thread 0x000001896bb32490 nmethod 2298 0x00000189557df010 code [0x00000189557df360, 0x00000189557e0ee8]
Event: 4.089 Thread 0x000001896bb32490 2301       3       java.lang.ref.Reference::enqueueFromPending (19 bytes)
Event: 4.089 Thread 0x000001896bb32490 nmethod 2301 0x00000189557e1690 code [0x00000189557e1840, 0x00000189557e1a68]
Event: 4.089 Thread 0x000001896bb32490 2302   !   3       java.lang.ref.ReferenceQueue::enqueue (119 bytes)
Event: 4.090 Thread 0x000001896bb32490 nmethod 2302 0x00000189557e1b10 code [0x00000189557e1d00, 0x00000189557e23c8]
Event: 4.090 Thread 0x000001896bb32490 2303       3       java.lang.ref.ReferenceQueue::reallyPoll (65 bytes)
Event: 4.090 Thread 0x000001896bb32490 nmethod 2303 0x00000189557e2590 code [0x00000189557e2760, 0x00000189557e2c98]

GC Heap History (6 events):
Event: 0.967 GC heap before
{Heap before GC invocations=0 (full 0):
 garbage-first heap   total 129024K, used 26624K [0x0000000080000000, 0x0000000100000000)
  region size 1024K, 23 young (23552K), 0 survivors (0K)
 Metaspace       used 3057K, committed 3200K, reserved 430080K
  class space    used 392K, committed 448K, reserved 421888K
}
Event: 0.974 GC heap after
{Heap after GC invocations=1 (full 0):
 garbage-first heap   total 129024K, used 11015K [0x0000000080000000, 0x0000000100000000)
  region size 1024K, 3 young (3072K), 3 survivors (3072K)
 Metaspace       used 3057K, committed 3200K, reserved 430080K
  class space    used 392K, committed 448K, reserved 421888K
}
Event: 1.670 GC heap before
{Heap before GC invocations=1 (full 0):
 garbage-first heap   total 129024K, used 39687K [0x0000000080000000, 0x0000000100000000)
  region size 1024K, 30 young (30720K), 3 survivors (3072K)
 Metaspace       used 3999K, committed 4160K, reserved 430080K
  class space    used 490K, committed 576K, reserved 421888K
}
Event: 1.675 GC heap after
{Heap after GC invocations=2 (full 0):
 garbage-first heap   total 129024K, used 12577K [0x0000000080000000, 0x0000000100000000)
  region size 1024K, 2 young (2048K), 2 survivors (2048K)
 Metaspace       used 3999K, committed 4160K, reserved 430080K
  class space    used 490K, committed 576K, reserved 421888K
}
Event: 4.081 GC heap before
{Heap before GC invocations=2 (full 0):
 garbage-first heap   total 129024K, used 87329K [0x0000000080000000, 0x0000000100000000)
  region size 1024K, 75 young (76800K), 2 survivors (2048K)
 Metaspace       used 15951K, committed 16320K, reserved 438272K
  class space    used 2293K, committed 2496K, reserved 421888K
}
Event: 4.089 GC heap after
{Heap after GC invocations=3 (full 0):
 garbage-first heap   total 129024K, used 20588K [0x0000000080000000, 0x0000000100000000)
  region size 1024K, 10 young (10240K), 10 survivors (10240K)
 Metaspace       used 15951K, committed 16320K, reserved 438272K
  class space    used 2293K, committed 2496K, reserved 421888K
}

Deoptimization events (20 events):
Event: 3.589 Thread 0x000001896ddbf560 Uncommon trap: trap_request=0xffffff45 fr.pc=0x000001895c8f5164 relative=0x0000000000000744
Event: 3.589 Thread 0x000001896ddbf560 Uncommon trap: reason=unstable_if action=reinterpret pc=0x000001895c8f5164 method=java.util.ArrayList.grow(I)[Ljava/lang/Object; @ 17 c2
Event: 3.589 Thread 0x000001896ddbf560 DEOPT PACKING pc=0x000001895c8f5164 sp=0x0000002e4eefcde0
Event: 3.589 Thread 0x000001896ddbf560 DEOPT UNPACKING pc=0x0000018954df5c23 sp=0x0000002e4eefcc78 mode 2
Event: 3.627 Thread 0x000001896ddbf560 Uncommon trap: trap_request=0xffffff45 fr.pc=0x000001895c890918 relative=0x0000000000000b98
Event: 3.627 Thread 0x000001896ddbf560 Uncommon trap: reason=unstable_if action=reinterpret pc=0x000001895c890918 method=java.io.WinNTFileSystem.resolve(Ljava/lang/String;Ljava/lang/String;)Ljava/lang/String; @ 19 c2
Event: 3.627 Thread 0x000001896ddbf560 DEOPT PACKING pc=0x000001895c890918 sp=0x0000002e4eefccc0
Event: 3.628 Thread 0x000001896ddbf560 DEOPT UNPACKING pc=0x0000018954df5c23 sp=0x0000002e4eefcc68 mode 2
Event: 3.632 Thread 0x000001896ddbf560 Uncommon trap: trap_request=0xffffff45 fr.pc=0x000001895c8ead1c relative=0x00000000000005fc
Event: 3.632 Thread 0x000001896ddbf560 Uncommon trap: reason=unstable_if action=reinterpret pc=0x000001895c8ead1c method=java.io.File.getName()Ljava/lang/String; @ 16 c2
Event: 3.632 Thread 0x000001896ddbf560 DEOPT PACKING pc=0x000001895c8ead1c sp=0x0000002e4eefcc60
Event: 3.632 Thread 0x000001896ddbf560 DEOPT UNPACKING pc=0x0000018954df5c23 sp=0x0000002e4eefcc30 mode 2
Event: 3.899 Thread 0x000001896ddbf560 Uncommon trap: trap_request=0xffffff45 fr.pc=0x000001895c9707f4 relative=0x0000000000000074
Event: 3.899 Thread 0x000001896ddbf560 Uncommon trap: reason=unstable_if action=reinterpret pc=0x000001895c9707f4 method=jdk.internal.misc.Unsafe.convEndian(ZI)I @ 4 c2
Event: 3.899 Thread 0x000001896ddbf560 DEOPT PACKING pc=0x000001895c9707f4 sp=0x0000002e4eefa810
Event: 3.899 Thread 0x000001896ddbf560 DEOPT UNPACKING pc=0x0000018954df5c23 sp=0x0000002e4eefa718 mode 2
Event: 4.065 Thread 0x000001896ddbf560 DEOPT PACKING pc=0x00000189556e7dc9 sp=0x0000002e4eefad40
Event: 4.065 Thread 0x000001896ddbf560 DEOPT UNPACKING pc=0x0000018954df6763 sp=0x0000002e4eefa250 mode 0
Event: 4.076 Thread 0x000001896ddbf560 DEOPT PACKING pc=0x00000189556e7dc9 sp=0x0000002e4eef89d0
Event: 4.076 Thread 0x000001896ddbf560 DEOPT UNPACKING pc=0x0000018954df6763 sp=0x0000002e4eef7ee0 mode 0

Classes unloaded (0 events):
No events

Classes redefined (0 events):
No events

Internal exceptions (20 events):
Event: 3.048 Thread 0x000001896ddbf560 Exception <a 'java/lang/NoSuchMethodError'{0x0000000085581e88}: 'void java.lang.invoke.DirectMethodHandle$Holder.invokeStatic(java.lang.Object, java.lang.Object)'> (0x0000000085581e88) 
thrown [t:\workspace\open\src\hotspot\share\interpreter\linkResolver.cpp, line 766]
Event: 3.104 Thread 0x000001896ddbf560 Exception <a 'java/lang/NoSuchMethodError'{0x000000008532b530}: 'java.lang.Object java.lang.invoke.DirectMethodHandle$Holder.newInvokeSpecial(java.lang.Object, java.lang.Object, java.lang.Object, java.lang.Object, java.lang.Object)'> (0x000000008532b530) 
thrown [t:\workspace\open\src\hotspot\share\interpreter\linkResolver.cpp, line 766]
Event: 3.160 Thread 0x000001896ddbf560 Exception <a 'java/lang/NoSuchMethodError'{0x0000000085150f20}: 'void java.lang.invoke.DirectMethodHandle$Holder.invokeSpecial(java.lang.Object, java.lang.Object, java.lang.Object)'> (0x0000000085150f20) 
thrown [t:\workspace\open\src\hotspot\share\interpreter\linkResolver.cpp, line 766]
Event: 3.187 Thread 0x000001896ddbf560 Exception <a 'java/lang/NoSuchMethodError'{0x00000000851fcf90}: 'java.lang.Object java.lang.invoke.DirectMethodHandle$Holder.newInvokeSpecial(java.lang.Object, java.lang.Object, java.lang.Object, java.lang.Object, java.lang.Object, java.lang.Object)'> (0x00000000851fcf90) 
thrown [t:\workspace\open\src\hotspot\share\interpreter\linkResolver.cpp, line 766]
Event: 3.191 Thread 0x000001896ddbf560 Exception <a 'java/lang/NoSuchMethodError'{0x0000000085014f48}: 'void java.lang.invoke.DirectMethodHandle$Holder.invokeSpecial(java.lang.Object, java.lang.Object, java.lang.Object, java.lang.Object, java.lang.Object)'> (0x0000000085014f48) 
thrown [t:\workspace\open\src\hotspot\share\interpreter\linkResolver.cpp, line 766]
Event: 3.194 Thread 0x000001896ddbf560 Exception <a 'java/lang/NoSuchMethodError'{0x0000000085028d68}: 'void java.lang.invoke.DirectMethodHandle$Holder.invokeStaticInit(java.lang.Object, java.lang.Object)'> (0x0000000085028d68) 
thrown [t:\workspace\open\src\hotspot\share\interpreter\linkResolver.cpp, line 766]
Event: 3.295 Thread 0x000001896ddbf560 Exception <a 'java/lang/NoSuchMethodError'{0x0000000084ef1230}: 'void java.lang.invoke.DelegatingMethodHandle$Holder.reinvoke_L(java.lang.Object, java.lang.Object, java.lang.Object, java.lang.Object, java.lang.Object, java.lang.Object, java.lang.Object, java.lang.Object, java.lang.Object, java.lang.Object)'> (0x0000000084ef1230) 
thrown [t:\workspace\open\src\hotspot\share\interpreter\linkResolver.cpp, line 766]
Event: 3.296 Thread 0x000001896ddbf560 Exception <a 'java/lang/NoSuchMethodError'{0x0000000084ef96a0}: 'java.lang.Object java.lang.invoke.DirectMethodHandle$Holder.invokeSpecial(java.lang.Object, java.lang.Object, java.lang.Object, java.lang.Object, java.lang.Object, java.lang.Object, java.lang.Object, java.lang.Object, java.lang.Object, java.lang.Object)'> (0x0000000084ef96a0) 
thrown [t:\workspace\open\src\hotspot\share\interpreter\linkResolver.cpp, line 766]
Event: 3.296 Thread 0x000001896ddbf560 Exception <a 'java/lang/NoSuchMethodError'{0x0000000084efdf70}: 'java.lang.Object java.lang.invoke.Invokers$Holder.invoker(java.lang.Object, java.lang.Object, java.lang.Object, java.lang.Object, java.lang.Object, java.lang.Object, java.lang.Object, java.lang.Object, java.lang.Object, java.lang.Object)'> (0x0000000084efdf70) 
thrown [t:\workspace\open\src\hotspot\share\interpreter\linkResolver.cpp, line 766]
Event: 3.297 Thread 0x000001896ddbf560 Exception <a 'java/lang/NoSuchMethodError'{0x0000000084d04340}: 'java.lang.Object java.lang.invoke.DirectMethodHandle$Holder.invokeSpecial(java.lang.Object, java.lang.Object, java.lang.Object, java.lang.Object, java.lang.Object, java.lang.Object, java.lang.Object, java.lang.Object, java.lang.Object, java.lang.Object, java.lang.Object)'> (0x0000000084d04340) 
thrown [t:\workspace\open\src\hotspot\share\interpreter\linkResolver.cpp, line 766]
Event: 3.510 Thread 0x000001896ddbf560 Exception <a 'java/lang/NoSuchMethodError'{0x00000000848cfda8}: 'void java.lang.invoke.DirectMethodHandle$Holder.invokeStaticInit(java.lang.Object)'> (0x00000000848cfda8) 
thrown [t:\workspace\open\src\hotspot\share\interpreter\linkResolver.cpp, line 766]
Event: 3.532 Thread 0x000001896ddbf560 Exception <a 'java/lang/NoSuchMethodError'{0x000000008477fec0}: 'java.lang.Object java.lang.invoke.DirectMethodHandle$Holder.newInvokeSpecial(java.lang.Object, java.lang.Object, java.lang.Object, int)'> (0x000000008477fec0) 
thrown [t:\workspace\open\src\hotspot\share\interpreter\linkResolver.cpp, line 766]
Event: 3.534 Thread 0x000001896ddbf560 Exception <a 'java/lang/NoSuchMethodError'{0x00000000846044f0}: 'java.lang.Object java.lang.invoke.DirectMethodHandle$Holder.invokeSpecial(java.lang.Object, java.lang.Object, java.lang.Object, java.lang.Object, int)'> (0x00000000846044f0) 
thrown [t:\workspace\open\src\hotspot\share\interpreter\linkResolver.cpp, line 766]
Event: 3.535 Thread 0x000001896ddbf560 Exception <a 'java/lang/NoSuchMethodError'{0x0000000084608608}: 'java.lang.Object java.lang.invoke.Invokers$Holder.linkToTargetMethod(java.lang.Object, java.lang.Object, int, java.lang.Object)'> (0x0000000084608608) 
thrown [t:\workspace\open\src\hotspot\share\interpreter\linkResolver.cpp, line 766]
Event: 3.926 Thread 0x000001896ddbf560 Exception <a 'java/lang/NoSuchMethodError'{0x0000000083816490}: 'int java.lang.invoke.DirectMethodHandle$Holder.invokeSpecialIFC(java.lang.Object, java.lang.Object, java.lang.Object, java.lang.Object)'> (0x0000000083816490) 
thrown [t:\workspace\open\src\hotspot\share\interpreter\linkResolver.cpp, line 766]
Event: 3.930 Thread 0x000001896ddbf560 Exception <a 'java/lang/NoSuchMethodError'{0x0000000083825468}: 'java.lang.Object java.lang.invoke.DirectMethodHandle$Holder.invokeInterface(java.lang.Object, java.lang.Object, java.lang.Object)'> (0x0000000083825468) 
thrown [t:\workspace\open\src\hotspot\share\interpreter\linkResolver.cpp, line 766]
Event: 3.930 Thread 0x000001896ddbf560 Exception <a 'java/lang/IncompatibleClassChangeError'{0x0000000083829080}: Found class java.lang.Object, but interface was expected> (0x0000000083829080) 
thrown [t:\workspace\open\src\hotspot\share\interpreter\linkResolver.cpp, line 833]
Event: 3.968 Thread 0x000001896ddbf560 Exception <a 'java/lang/NoSuchMethodError'{0x00000000837245d0}: 'int java.lang.invoke.DirectMethodHandle$Holder.invokeStatic(java.lang.Object, java.lang.Object, java.lang.Object, java.lang.Object)'> (0x00000000837245d0) 
thrown [t:\workspace\open\src\hotspot\share\interpreter\linkResolver.cpp, line 766]
Event: 3.969 Thread 0x000001896ddbf560 Exception <a 'java/lang/NoSuchMethodError'{0x00000000837281f8}: 'java.lang.Object java.lang.invoke.Invokers$Holder.invokeExact_MT(java.lang.Object, java.lang.Object, java.lang.Object, java.lang.Object, java.lang.Object, java.lang.Object)'> (0x00000000837281f8) 
thrown [t:\workspace\open\src\hotspot\share\interpreter\linkResolver.cpp, line 766]
Event: 4.062 Thread 0x000001896ddbf560 Exception <a 'java/lang/NoSuchMethodError'{0x0000000083320380}: 'java.lang.Object java.lang.invoke.DirectMethodHandle$Holder.invokeSpecial(java.lang.Object, java.lang.Object, java.lang.Object, java.lang.Object, java.lang.Object, java.lang.Object, java.lang.Object, java.lang.Object, java.lang.Object)'> (0x0000000083320380) 
thrown [t:\workspace\open\src\hotspot\share\interpreter\linkResolver.cpp, line 766]

VM Operations (20 events):
Event: 2.298 Executing VM operation: HandshakeAllThreads
Event: 2.298 Executing VM operation: HandshakeAllThreads done
Event: 2.402 Executing VM operation: HandshakeAllThreads
Event: 2.402 Executing VM operation: HandshakeAllThreads done
Event: 2.648 Executing VM operation: HandshakeAllThreads
Event: 2.649 Executing VM operation: HandshakeAllThreads done
Event: 2.738 Executing VM operation: HandshakeAllThreads
Event: 2.738 Executing VM operation: HandshakeAllThreads done
Event: 2.738 Executing VM operation: Cleanup
Event: 2.739 Executing VM operation: Cleanup done
Event: 3.254 Executing VM operation: HandshakeAllThreads
Event: 3.254 Executing VM operation: HandshakeAllThreads done
Event: 3.643 Executing VM operation: HandshakeAllThreads
Event: 3.643 Executing VM operation: HandshakeAllThreads done
Event: 3.685 Executing VM operation: HandshakeAllThreads
Event: 3.685 Executing VM operation: HandshakeAllThreads done
Event: 3.685 Executing VM operation: HandshakeAllThreads
Event: 3.685 Executing VM operation: HandshakeAllThreads done
Event: 4.081 Executing VM operation: G1CollectForAllocation
Event: 4.089 Executing VM operation: G1CollectForAllocation done

Events (20 events):
Event: 3.899 loading class sun/security/provider/ByteArrayAccess$LE done
Event: 3.913 Thread 0x000001896ddbcee0 Thread added: 0x000001896ddbcee0
Event: 3.922 loading class java/util/concurrent/Semaphore
Event: 3.922 loading class java/util/concurrent/Semaphore done
Event: 3.924 loading class java/nio/file/FileVisitOption
Event: 3.924 loading class java/nio/file/FileVisitOption done
Event: 3.931 loading class java/util/stream/ReduceOps$1
Event: 3.931 loading class java/util/stream/ReduceOps$1 done
Event: 3.931 loading class java/util/stream/ReduceOps$1ReducingSink
Event: 3.932 loading class java/util/stream/ReduceOps$1ReducingSink done
Event: 3.945 loading class java/io/ObjectOutputStream
Event: 3.946 loading class java/io/ObjectOutput
Event: 3.947 loading class java/io/ObjectOutput done
Event: 3.947 loading class java/io/ObjectStreamConstants
Event: 3.947 loading class java/io/ObjectStreamConstants done
Event: 3.947 loading class java/io/ObjectOutputStream done
Event: 3.948 loading class java/io/ObjectInputStream
Event: 3.948 loading class java/io/ObjectInput
Event: 3.949 loading class java/io/ObjectInput done
Event: 3.949 loading class java/io/ObjectInputStream done


Dynamic libraries:
0x00007ff7bfc30000 - 0x00007ff7bfc40000 	C:\Program Files\Java\jdk-17.0.2\bin\java.exe
0x00007ff8bec90000 - 0x00007ff8beea7000 	C:\WINDOWS\SYSTEM32\ntdll.dll
0x00007ff8bdb10000 - 0x00007ff8bdbd4000 	C:\WINDOWS\System32\KERNEL32.DLL
0x00007ff8bc070000 - 0x00007ff8bc41d000 	C:\WINDOWS\System32\KERNELBASE.dll
0x00007ff8bc560000 - 0x00007ff8bc671000 	C:\WINDOWS\System32\ucrtbase.dll
0x00007ff858b00000 - 0x00007ff858b18000 	C:\Program Files\Java\jdk-17.0.2\bin\jli.dll
0x00007ff8bdc10000 - 0x00007ff8bdcc2000 	C:\WINDOWS\System32\ADVAPI32.dll
0x00007ff8bcbd0000 - 0x00007ff8bcc77000 	C:\WINDOWS\System32\msvcrt.dll
0x00007ff8bd880000 - 0x00007ff8bd929000 	C:\WINDOWS\System32\sechost.dll
0x00007ff855f70000 - 0x00007ff855f8a000 	C:\Program Files\Java\jdk-17.0.2\bin\VCRUNTIME140.dll
0x00007ff8bc990000 - 0x00007ff8bc9b8000 	C:\WINDOWS\System32\bcrypt.dll
0x00007ff8bd9f0000 - 0x00007ff8bdb04000 	C:\WINDOWS\System32\RPCRT4.dll
0x00007ff8bd090000 - 0x00007ff8bd23e000 	C:\WINDOWS\System32\USER32.dll
0x00007ff8bc530000 - 0x00007ff8bc556000 	C:\WINDOWS\System32\win32u.dll
0x00007ff8bdbe0000 - 0x00007ff8bdc09000 	C:\WINDOWS\System32\GDI32.dll
0x00007ff8a7810000 - 0x00007ff8a7aa3000 	C:\WINDOWS\WinSxS\amd64_microsoft.windows.common-controls_6595b64144ccf1df_6.0.22621.3672_none_2713b9d173822955\COMCTL32.dll
0x00007ff8bc870000 - 0x00007ff8bc989000 	C:\WINDOWS\System32\gdi32full.dll
0x00007ff8bc490000 - 0x00007ff8bc52a000 	C:\WINDOWS\System32\msvcp_win.dll
0x00007ff8b1820000 - 0x00007ff8b182a000 	C:\WINDOWS\SYSTEM32\VERSION.dll
0x00007ff8bd340000 - 0x00007ff8bd371000 	C:\WINDOWS\System32\IMM32.DLL
0x00007ff87ed60000 - 0x00007ff87ed6c000 	C:\Program Files\Java\jdk-17.0.2\bin\vcruntime140_1.dll
0x00007ff827ab0000 - 0x00007ff827b3d000 	C:\Program Files\Java\jdk-17.0.2\bin\msvcp140.dll
0x00007ff814800000 - 0x00007ff8153c1000 	C:\Program Files\Java\jdk-17.0.2\bin\server\jvm.dll
0x00007ff8be640000 - 0x00007ff8be648000 	C:\WINDOWS\System32\PSAPI.DLL
0x00007ff87ec00000 - 0x00007ff87ec09000 	C:\WINDOWS\SYSTEM32\WSOCK32.dll
0x00007ff8bcc80000 - 0x00007ff8bccf1000 	C:\WINDOWS\System32\WS2_32.dll
0x00007ff8b40a0000 - 0x00007ff8b40d4000 	C:\WINDOWS\SYSTEM32\WINMM.dll
0x00007ff8bb030000 - 0x00007ff8bb048000 	C:\WINDOWS\SYSTEM32\kernel.appcore.dll
0x00007ff87e5c0000 - 0x00007ff87e5ca000 	C:\Program Files\Java\jdk-17.0.2\bin\jimage.dll
0x00007ff8b9a90000 - 0x00007ff8b9cc2000 	C:\WINDOWS\SYSTEM32\DBGHELP.DLL
0x00007ff8bcd00000 - 0x00007ff8bd08d000 	C:\WINDOWS\System32\combase.dll
0x00007ff8be930000 - 0x00007ff8bea07000 	C:\WINDOWS\System32\OLEAUT32.dll
0x00007ff8a5990000 - 0x00007ff8a59c2000 	C:\WINDOWS\SYSTEM32\dbgcore.DLL
0x00007ff8bc680000 - 0x00007ff8bc6fb000 	C:\WINDOWS\System32\bcryptPrimitives.dll
0x00007ff876bc0000 - 0x00007ff876bce000 	C:\Program Files\Java\jdk-17.0.2\bin\instrument.dll
0x00007ff855010000 - 0x00007ff855035000 	C:\Program Files\Java\jdk-17.0.2\bin\java.dll
0x00007ff827190000 - 0x00007ff827266000 	C:\Program Files\Java\jdk-17.0.2\bin\jsvml.dll
0x00007ff8bddd0000 - 0x00007ff8be638000 	C:\WINDOWS\System32\SHELL32.dll
0x00007ff8b9f10000 - 0x00007ff8ba80e000 	C:\WINDOWS\SYSTEM32\windows.storage.dll
0x00007ff8b9dd0000 - 0x00007ff8b9f0f000 	C:\WINDOWS\SYSTEM32\wintypes.dll
0x00007ff8be7b0000 - 0x00007ff8be8a9000 	C:\WINDOWS\System32\SHCORE.dll
0x00007ff8bd380000 - 0x00007ff8bd3de000 	C:\WINDOWS\System32\shlwapi.dll
0x00007ff8bbee0000 - 0x00007ff8bbf01000 	C:\WINDOWS\SYSTEM32\profapi.dll
0x00007ff8502c0000 - 0x00007ff8502d8000 	C:\Program Files\Java\jdk-17.0.2\bin\zip.dll
0x00007ff8556c0000 - 0x00007ff8556d9000 	C:\Program Files\Java\jdk-17.0.2\bin\net.dll
0x00007ff8b43e0000 - 0x00007ff8b4516000 	C:\WINDOWS\SYSTEM32\WINHTTP.dll
0x00007ff8bb540000 - 0x00007ff8bb5a9000 	C:\WINDOWS\system32\mswsock.dll
0x00007ff855200000 - 0x00007ff855216000 	C:\Program Files\Java\jdk-17.0.2\bin\nio.dll
0x00007ff87c360000 - 0x00007ff87c370000 	C:\Program Files\Java\jdk-17.0.2\bin\verify.dll
0x00007ff850290000 - 0x00007ff8502b7000 	C:\Users\kirut\.gradle\native\68d5fa5c4cc2d200863cafc0d521ce42e7d3e7ee720ec0a83991735586a16f82\windows-amd64\native-platform.dll
0x00007ff820370000 - 0x00007ff8204b4000 	C:\Users\kirut\.gradle\native\e376f236ea51e6404a007f0833ffe2c6e607c4080706a723a18a27aeea778392\windows-amd64\native-platform-file-events.dll
0x00007ff87a280000 - 0x00007ff87a289000 	C:\Program Files\Java\jdk-17.0.2\bin\management.dll
0x00007ff876fd0000 - 0x00007ff876fdb000 	C:\Program Files\Java\jdk-17.0.2\bin\management_ext.dll
0x00007ff8bb7a0000 - 0x00007ff8bb7bb000 	C:\WINDOWS\SYSTEM32\CRYPTSP.dll
0x00007ff8bb050000 - 0x00007ff8bb085000 	C:\WINDOWS\system32\rsaenh.dll
0x00007ff8bb640000 - 0x00007ff8bb668000 	C:\WINDOWS\SYSTEM32\USERENV.dll
0x00007ff8bb7c0000 - 0x00007ff8bb7cc000 	C:\WINDOWS\SYSTEM32\CRYPTBASE.dll
0x00007ff8bab20000 - 0x00007ff8bab4d000 	C:\WINDOWS\SYSTEM32\IPHLPAPI.DLL
0x00007ff8bd3f0000 - 0x00007ff8bd3f9000 	C:\WINDOWS\System32\NSI.dll
0x00007ff8b4550000 - 0x00007ff8b4569000 	C:\WINDOWS\SYSTEM32\dhcpcsvc6.DLL
0x00007ff8b4530000 - 0x00007ff8b454f000 	C:\WINDOWS\SYSTEM32\dhcpcsvc.DLL
0x00007ff8bab50000 - 0x00007ff8bac48000 	C:\WINDOWS\SYSTEM32\DNSAPI.dll
0x00007ff8769e0000 - 0x00007ff8769ee000 	C:\Program Files\Java\jdk-17.0.2\bin\sunmscapi.dll
0x00007ff8bc700000 - 0x00007ff8bc867000 	C:\WINDOWS\System32\CRYPT32.dll
0x00007ff8bb940000 - 0x00007ff8bb96e000 	C:\WINDOWS\SYSTEM32\ncrypt.dll
0x00007ff8bb900000 - 0x00007ff8bb937000 	C:\WINDOWS\SYSTEM32\NTASN1.dll
0x00007ff89c760000 - 0x00007ff89c768000 	C:\WINDOWS\system32\wshunix.dll

dbghelp: loaded successfully - version: 4.0.5 - missing functions: none
symbol engine: initialized successfully - sym options: 0x614 - pdb path: .;C:\Program Files\Java\jdk-17.0.2\bin;C:\WINDOWS\SYSTEM32;C:\WINDOWS\WinSxS\amd64_microsoft.windows.common-controls_6595b64144ccf1df_6.0.22621.3672_none_2713b9d173822955;C:\Program Files\Java\jdk-17.0.2\bin\server;C:\Users\kirut\.gradle\native\68d5fa5c4cc2d200863cafc0d521ce42e7d3e7ee720ec0a83991735586a16f82\windows-amd64;C:\Users\kirut\.gradle\native\e376f236ea51e6404a007f0833ffe2c6e607c4080706a723a18a27aeea778392\windows-amd64

VM Arguments:
jvm_args: -XX:MaxMetaspaceSize=512m --add-opens=java.base/java.util=ALL-UNNAMED --add-opens=java.base/java.lang=ALL-UNNAMED --add-opens=java.base/java.lang.invoke=ALL-UNNAMED --add-opens=java.prefs/java.util.prefs=ALL-UNNAMED --add-opens=java.base/java.nio.charset=ALL-UNNAMED --add-opens=java.base/java.net=ALL-UNNAMED --add-opens=java.base/java.util.concurrent.atomic=ALL-UNNAMED -Xmx2048m -Dfile.encoding=windows-1252 -Duser.country=IN -Duser.language=en -Duser.variant -javaagent:C:\Users\kirut\.gradle\wrapper\dists\gradle-8.3-all\6en3ugtfdg5xnpx44z4qbwgas\gradle-8.3\lib\agents\gradle-instrumentation-agent-8.3.jar 
java_command: org.gradle.launcher.daemon.bootstrap.GradleDaemon 8.3
java_class_path (initial): C:\Users\kirut\.gradle\wrapper\dists\gradle-8.3-all\6en3ugtfdg5xnpx44z4qbwgas\gradle-8.3\lib\gradle-launcher-8.3.jar
Launcher Type: SUN_STANDARD

[Global flags]
     intx CICompilerCount                          = 4                                         {product} {ergonomic}
   size_t CompressedClassSpaceSize                 = 432013312                                 {product} {ergonomic}
     uint ConcGCThreads                            = 3                                         {product} {ergonomic}
     uint G1ConcRefinementThreads                  = 10                                        {product} {ergonomic}
   size_t G1HeapRegionSize                         = 1048576                                   {product} {ergonomic}
    uintx GCDrainStackTargetSize                   = 64                                        {product} {ergonomic}
   size_t InitialHeapSize                          = 132120576                                 {product} {ergonomic}
   size_t MarkStackSize                            = 4194304                                   {product} {ergonomic}
   size_t MaxHeapSize                              = 2147483648                                {product} {command line}
   size_t MaxMetaspaceSize                         = 536870912                                 {product} {command line}
   size_t MaxNewSize                               = 1287651328                                {product} {ergonomic}
   size_t MinHeapDeltaBytes                        = 1048576                                   {product} {ergonomic}
   size_t MinHeapSize                              = 8388608                                   {product} {ergonomic}
    uintx NonNMethodCodeHeapSize                   = 5839372                                {pd product} {ergonomic}
    uintx NonProfiledCodeHeapSize                  = 122909434                              {pd product} {ergonomic}
    uintx ProfiledCodeHeapSize                     = 122909434                              {pd product} {ergonomic}
    uintx ReservedCodeCacheSize                    = 251658240                              {pd product} {ergonomic}
     bool SegmentedCodeCache                       = true                                      {product} {ergonomic}
   size_t SoftMaxHeapSize                          = 2147483648                             {manageable} {ergonomic}
     bool UseCompressedClassPointers               = true                           {product lp64_product} {ergonomic}
     bool UseCompressedOops                        = true                           {product lp64_product} {ergonomic}
     bool UseG1GC                                  = true                                      {product} {ergonomic}
     bool UseLargePagesIndividualAllocation        = false                                  {pd product} {ergonomic}

Logging:
Log output configuration:
 #0: stdout all=warning uptime,level,tags
 #1: stderr all=off uptime,level,tags

Environment Variables:
JAVA_HOME=C:\Program Files\Java\jdk-17.0.2
CLASSPATH=D:\Gokul\Fantasy App\FantasyApp\android\\gradle\wrapper\gradle-wrapper.jar
PATH=D:\Gokul\Fantasy App\FantasyApp\node_modules\.bin;D:\Gokul\Fantasy App\FantasyApp\node_modules\.bin;D:\Gokul\Fantasy App\node_modules\.bin;D:\Gokul\node_modules\.bin;D:\node_modules\.bin;C:\Users\kirut\AppData\Roaming\npm\node_modules\npm\node_modules\@npmcli\run-script\lib\node-gyp-bin;D:\Gokul\Fantasy App\FantasyApp\node_modules\.bin;D:\Gokul\Fantasy App\node_modules\.bin;D:\Gokul\node_modules\.bin;D:\node_modules\.bin;C:\Users\kirut\AppData\Roaming\npm\node_modules\npm\node_modules\@npmcli\run-script\lib\node-gyp-bin;D:\P Y T H O N\Scripts\;D:\P Y T H O N\;C:\Program Files (x86)\Common Files\Oracle\Java\javapath;C:\Program Files\Common Files\Oracle\Java\javapath;C:\Program Files (x86)\Common Files\Intel\Shared Libraries\redist\intel64\compiler;C:\Windows\system32;C:\Windows;C:\Windows\System32\Wbem;C:\Windows\System32\WindowsPowerShell\v1.0\;C:\Windows\System32\OpenSSH\;C:\Program Files (x86)\NVIDIA Corporation\PhysX\Common;C:\Program Files\NVIDIA Corporation\NVIDIA NvDLISR;C:\WINDOWS\system32;C:\WINDOWS;C:\WINDOWS\System32\Wbem;C:\WINDOWS\System32\WindowsPowerShell\v1.0\;C:\WINDOWS\System32\OpenSSH\;C:\Program Files\Git\cmd;C:\Program Files\dotnet\;C:\flutter\flutter\bin;C:\Program Files\nodejs\;C:\Program Files\Java\jdk-17.0.2\bin;C:\Users\kirut\.console-ninja\.bin;C:\Program Files\MySQL\MySQL Shell 8.0\bin\;C:\Users\kirut\AppData\Local\Microsoft\WindowsApps;C:\Users\kirut\AppData\Local\Programs\Microsoft VS Code\bin;C:\flutter\dart-sdk\bin;C:\Users\kirut\AppData\Roaming\npm;C:\Program Files\JetBrains\IntelliJ IDEA Community Edition 2023.3.2\bin;C:\Users\kirut\AppData\Local\Android\Sdk\platform-tools;C:\Ruby33-x64\bin;C:\WINDOWS\system32;C:\WINDOWS;C:\WINDOWS\System32\Wbem;C:\WINDOWS\System32\WindowsPowerShell\v1.0\;C:\WINDOWS\System32\OpenSSH\;C:\Ruby33-x64\bin;C:\Users\kirut\.console-ninja\.bin;C:\Program Files\MySQL\MySQL Shell 8.0\bin\;C:\Users\kirut\AppData\Local\Microsoft\WindowsApps;C:\Users\kirut\AppData\Local\Programs\Microsoft VS Code\bin;C:\flutter
USERNAME=kirut
LANG=en_US.UTF-8
OS=Windows_NT
PROCESSOR_IDENTIFIER=Intel64 Family 6 Model 141 Stepping 1, GenuineIntel



---------------  S Y S T E M  ---------------

OS:
 Windows 11 , 64 bit Build 22621 (10.0.22621.3958)
OS uptime: 1 days 13:36 hours

CPU: total 12 (initial active 12) (6 cores per cpu, 2 threads per core) family 6 model 141 stepping 1 microcode 0x3c, cx8, cmov, fxsr, ht, mmx, 3dnowpref, sse, sse2, sse3, ssse3, sse4.1, sse4.2, popcnt, lzcnt, tsc, tscinvbit, avx, avx2, aes, erms, clmul, bmi1, bmi2, adx, avx512f, avx512dq, avx512cd, avx512bw, avx512vl, sha, fma, vzeroupper, avx512_vpopcntdq, avx512_vpclmulqdq, avx512_vaes, avx512_vnni, clflush, clflushopt, clwb, avx512_vbmi2, avx512_vbmi

Memory: 4k page, system-wide physical 7971M (330M free)
TotalPageFile size 32547M (AvailPageFile size 0M)
current process WorkingSet (physical memory assigned to process): 190M, peak: 192M
current process commit charge ("private bytes"): 276M, peak: 278M

vm_info: Java HotSpot(TM) 64-Bit Server VM (17.0.2+8-LTS-86) for windows-amd64 JRE (17.0.2+8-LTS-86), built on Dec  7 2021 21:51:03 by "mach5one" with MS VC++ 16.8 / 16.9 (VS2019)

END.
